#
# There is insufficient memory for the Java Runtime Environment to continue.
# Native memory allocation (mmap) failed to map 257949696 bytes for G1 virtual space
# Possible reasons:
#   The system is out of physical RAM or swap space
#   The process is running with CompressedOops enabled, and the Java Heap may be blocking the growth of the native heap
# Possible solutions:
#   Reduce memory load on the system
#   Increase physical memory or swap space
#   Check if swap backing store is full
#   Decrease Java heap size (-Xmx/-Xms)
#   Decrease number of Java threads
#   Decrease Java thread stack sizes (-Xss)
#   Set larger code cache with -XX:ReservedCodeCacheSize=
#   JVM is running with Zero Based Compressed Oops mode in which the Java heap is
#     placed in the first 32GB address space. The Java Heap base address is the
#     maximum limit for the native heap growth. Please use -XX:HeapBaseMinAddress
#     to set the Java Heap base and to place the Java Heap above 32GB virtual address.
# This output file may be truncated or incomplete.
#
#  Out of Memory Error (os_windows.cpp:3600), pid=29564, tid=26000
#
# JRE version:  (21.0.2+13) (build )
# Java VM: Java HotSpot(TM) 64-Bit Server VM (21.0.2+13-LTS-58, mixed mode, sharing, tiered, compressed oops, compressed class ptrs, g1 gc, windows-amd64)
# No core dump will be written. Minidumps are not enabled by default on client versions of Windows
#

---------------  S U M M A R Y ------------

Command Line: -Dfile.encoding=UTF-8 --module-path=C:\Users\23320\OneDrive\Documents\NetBeansProjects\Hotel Management System\build\classes hotel.management.system.Room

Host: AMD Ryzen 5 5500U with Radeon Graphics         , 12 cores, 15G,  Windows 11 , 64 bit Build 22621 (10.0.22621.3235)
Time: Mon Apr 29 17:14:23 2024 India Standard Time elapsed time: 0.015039 seconds (0d 0h 0m 0s)

---------------  T H R E A D  ---------------

Current thread (0x0000025310e76770):  JavaThread "Unknown thread" [_thread_in_vm, id=26000, stack(0x000000ec62300000,0x000000ec62400000) (1024K)]

Stack: [0x000000ec62300000,0x000000ec62400000]
Native frames: (J=compiled Java code, j=interpreted, Vv=VM code, C=native code)
V  [jvm.dll+0x6cade9]
V  [jvm.dll+0x8569c1]
V  [jvm.dll+0x858d2e]
V  [jvm.dll+0x859413]
V  [jvm.dll+0x280e56]
V  [jvm.dll+0x6c74d5]
V  [jvm.dll+0x6bbeca]
V  [jvm.dll+0x355bca]
V  [jvm.dll+0x35d816]
V  [jvm.dll+0x3ae67e]
V  [jvm.dll+0x3ae928]
V  [jvm.dll+0x3295dc]
V  [jvm.dll+0x32a16b]
V  [jvm.dll+0x81efa9]
V  [jvm.dll+0x3bba01]
V  [jvm.dll+0x807928]
V  [jvm.dll+0x44f50e]
V  [jvm.dll+0x450e11]
C  [jli.dll+0x52a3]
C  [ucrtbase.dll+0x29363]
C  [KERNEL32.DLL+0x1257d]
C  [ntdll.dll+0x5aa58]


---------------  P R O C E S S  ---------------

Threads class SMR info:
_java_thread_list=0x00007ffd97d0bb88, length=0, elements={
}

Java Threads: ( => current thread )
Total: 0

Other Threads:
  0x00000253131a8c50 WorkerThread "GC Thread#0"                     [id=11600, stack(0x000000ec62400000,0x000000ec62500000) (1024K)]
  0x00000253131b9320 ConcurrentGCThread "G1 Main Marker"            [id=24892, stack(0x000000ec62500000,0x000000ec62600000) (1024K)]
  0x00000253131ba5c0 WorkerThread "G1 Conc#0"                       [id=29356, stack(0x000000ec62600000,0x000000ec62700000) (1024K)]

[error occurred during error reporting (printing all threads), id 0xc0000005, EXCEPTION_ACCESS_VIOLATION (0xc0000005) at pc=0x00007ffd9747c6a7]
VM state: not at safepoint (not fully initialized)

VM Mutex/Monitor currently owned by a thread:  ([mutex/lock_event])
[0x00007ffd97d7ce68] Heap_lock - owner thread: 0x0000025310e76770

Heap address: 0x000000070ac00000, size: 3924 MB, Compressed Oops mode: Zero based, Oop shift amount: 3

CDS archive(s) mapped at: [0x0000000000000000-0x0000000000000000-0x0000000000000000), size 0, SharedBaseAddress: 0x0000000800000000, ArchiveRelocationMode: 1.
Narrow klass base: 0x0000000000000000, Narrow klass shift: 0, Narrow klass range: 0x0

GC Precious Log:
 CardTable entry size: 512
 Card Set container configuration: InlinePtr #cards 4 size 8 Array Of Cards #cards 16 size 48 Howl #buckets 8 coarsen threshold 3686 Howl Bitmap #cards 512 size 80 coarsen threshold 460 Card regions per heap region 1 cards per card region 4096

Heap:
 garbage-first heap   total 0K, used 0K [0x000000070ac00000, 0x0000000800000000)
  region size 2048K, 0 young (0K), 0 survivors (0K)

[error occurred during error reporting (printing heap information), id 0xc0000005, EXCEPTION_ACCESS_VIOLATION (0xc0000005) at pc=0x00007ffd978639f9]
GC Heap History (0 events):
No events

Dll operation events (1 events):
Event: 0.009 Loaded shared library C:\Program Files\Java\jdk-21\bin\java.dll

Deoptimization events (0 events):
No events

Classes loaded (0 events):
No events

Classes unloaded (0 events):
No events

Classes redefined (0 events):
No events

Internal exceptions (0 events):
No events

ZGC Phase Switch (0 events):
No events

VM Operations (0 events):
No events

Events (0 events):
No events


Dynamic libraries:
0x00007ff755b30000 - 0x00007ff755b40000 	C:\Program Files\Java\jdk-21\bin\java.exe
0x00007ffe1a090000 - 0x00007ffe1a2a6000 	C:\WINDOWS\SYSTEM32\ntdll.dll
0x00007ffe18ba0000 - 0x00007ffe18c64000 	C:\WINDOWS\System32\KERNEL32.DLL
0x00007ffe17860000 - 0x00007ffe17c06000 	C:\WINDOWS\System32\KERNELBASE.dll
0x00007ffe17c10000 - 0x00007ffe17d21000 	C:\WINDOWS\System32\ucrtbase.dll
0x00007ffd97120000 - 0x00007ffd9713b000 	C:\Program Files\Java\jdk-21\bin\VCRUNTIME140.dll
0x00007ffe12790000 - 0x00007ffe127a9000 	C:\Program Files\Java\jdk-21\bin\jli.dll
0x00007ffe18180000 - 0x00007ffe18232000 	C:\WINDOWS\System32\ADVAPI32.dll
0x00007ffe188f0000 - 0x00007ffe18997000 	C:\WINDOWS\System32\msvcrt.dll
0x00007ffe198b0000 - 0x00007ffe19958000 	C:\WINDOWS\System32\sechost.dll
0x00007ffe17830000 - 0x00007ffe17858000 	C:\WINDOWS\System32\bcrypt.dll
0x00007ffe18240000 - 0x00007ffe18355000 	C:\WINDOWS\System32\RPCRT4.dll
0x00007ffe19cf0000 - 0x00007ffe19e9d000 	C:\WINDOWS\System32\USER32.dll
0x00007ffe17db0000 - 0x00007ffe17dd6000 	C:\WINDOWS\System32\win32u.dll
0x00007ffdfbbc0000 - 0x00007ffdfbe53000 	C:\WINDOWS\WinSxS\amd64_microsoft.windows.common-controls_6595b64144ccf1df_6.0.22621.3235_none_270f74e173860f98\COMCTL32.dll
0x00007ffe17f50000 - 0x00007ffe17f79000 	C:\WINDOWS\System32\GDI32.dll
0x00007ffe176a0000 - 0x00007ffe177b8000 	C:\WINDOWS\System32\gdi32full.dll
0x00007ffe173d0000 - 0x00007ffe1746a000 	C:\WINDOWS\System32\msvcp_win.dll
0x00007ffe0ea30000 - 0x00007ffe0ea3a000 	C:\WINDOWS\SYSTEM32\VERSION.dll
0x00007ffe1a010000 - 0x00007ffe1a041000 	C:\WINDOWS\System32\IMM32.DLL
0x00007ffdd3320000 - 0x00007ffdd332c000 	C:\Program Files\Java\jdk-21\bin\vcruntime140_1.dll
0x00007ffd90d40000 - 0x00007ffd90dce000 	C:\Program Files\Java\jdk-21\bin\msvcp140.dll
0x00007ffd97140000 - 0x00007ffd97e57000 	C:\Program Files\Java\jdk-21\bin\server\jvm.dll
0x00007ffe18f30000 - 0x00007ffe18fa1000 	C:\WINDOWS\System32\WS2_32.dll
0x00007ffe16ca0000 - 0x00007ffe16ced000 	C:\WINDOWS\SYSTEM32\POWRPROF.dll
0x00007ffe0fdc0000 - 0x00007ffe0fdf4000 	C:\WINDOWS\SYSTEM32\WINMM.dll
0x00007ffe16c80000 - 0x00007ffe16c93000 	C:\WINDOWS\SYSTEM32\UMPDC.dll
0x00007ffe16410000 - 0x00007ffe16428000 	C:\WINDOWS\SYSTEM32\kernel.appcore.dll
0x00007ffdbbd90000 - 0x00007ffdbbd9a000 	C:\Program Files\Java\jdk-21\bin\jimage.dll
0x00007ffe14930000 - 0x00007ffe14b63000 	C:\WINDOWS\SYSTEM32\DBGHELP.DLL
0x00007ffe19960000 - 0x00007ffe19ce8000 	C:\WINDOWS\System32\combase.dll
0x00007ffe18c70000 - 0x00007ffe18d47000 	C:\WINDOWS\System32\OLEAUT32.dll
0x00007ffe0a9c0000 - 0x00007ffe0a9f2000 	C:\WINDOWS\SYSTEM32\dbgcore.DLL
0x00007ffe17d30000 - 0x00007ffe17daa000 	C:\WINDOWS\System32\bcryptPrimitives.dll
0x00007ffd970c0000 - 0x00007ffd970df000 	C:\Program Files\Java\jdk-21\bin\java.dll

dbghelp: loaded successfully - version: 4.0.5 - missing functions: none
symbol engine: initialized successfully - sym options: 0x614 - pdb path: .;C:\Program Files\Java\jdk-21\bin;C:\WINDOWS\SYSTEM32;C:\WINDOWS\WinSxS\amd64_microsoft.windows.common-controls_6595b64144ccf1df_6.0.22621.3235_none_270f74e173860f98;C:\Program Files\Java\jdk-21\bin\server

VM Arguments:
jvm_args: -Dfile.encoding=UTF-8 --module-path=C:\Users\23320\OneDrive\Documents\NetBeansProjects\Hotel Management System\build\classes 
java_command: hotel.management.system.Room
java_class_path (initial): C:\Users\23320\Downloads\mysql-connector-java-8.0.28.jar;C:\Users\23320\Downloads\rs2xml.jar;C:\Users\23320\OneDrive\Documents\NetBeansProjects\Hotel Management System\build\classes
Launcher Type: SUN_STANDARD

[Global flags]
     intx CICompilerCount                          = 4                                         {product} {ergonomic}
     uint ConcGCThreads                            = 3                                         {product} {ergonomic}
     uint G1ConcRefinementThreads                  = 10                                        {product} {ergonomic}
   size_t G1HeapRegionSize                         = 2097152                                   {product} {ergonomic}
    uintx GCDrainStackTargetSize                   = 64                                        {product} {ergonomic}
   size_t InitialHeapSize                          = 257949696                                 {product} {ergonomic}
   size_t MarkStackSize                            = 4194304                                   {product} {ergonomic}
   size_t MaxHeapSize                              = 4114612224                                {product} {ergonomic}
   size_t MinHeapDeltaBytes                        = 2097152                                   {product} {ergonomic}
   size_t MinHeapSize                              = 8388608                                   {product} {ergonomic}
    uintx NonNMethodCodeHeapSize                   = 5839372                                {pd product} {ergonomic}
    uintx NonProfiledCodeHeapSize                  = 122909434                              {pd product} {ergonomic}
    uintx ProfiledCodeHeapSize                     = 122909434                              {pd product} {ergonomic}
    uintx ReservedCodeCacheSize                    = 251658240                              {pd product} {ergonomic}
     bool SegmentedCodeCache                       = true                                      {product} {ergonomic}
   size_t SoftMaxHeapSize                          = 4114612224                             {manageable} {ergonomic}
     bool UseCompressedOops                        = true                           {product lp64_product} {ergonomic}
     bool UseG1GC                                  = true                                      {product} {ergonomic}
     bool UseLargePagesIndividualAllocation        = false                                  {pd product} {ergonomic}

Logging:
Log output configuration:
 #0: stdout all=warning uptime,level,tags foldmultilines=false
 #1: stderr all=off uptime,level,tags foldmultilines=false

Environment Variables:
JAVA_HOME=C:\Program Files\Java\jdk-21
PATH=C:\Program Files\Common Files\Oracle\Java\javapath;C:\WINDOWS\system32;C:\WINDOWS;C:\WINDOWS\System32\Wbem;C:\WINDOWS\System32\WindowsPowerShell\v1.0\;C:\WINDOWS\System32\OpenSSH\;C:\Program Files (x86)\Microsoft SQL Server\90\Tools\binn\;C:\Program Files\MySQL\MySQL Server 8.0\bin;C:\Program Files\Microsoft SQL Server\Client SDK\ODBC\170\Tools\Binn\;C:\Program Files (x86)\Microsoft SQL Server\150\Tools\Binn\;C:\Program Files\Microsoft SQL Server\150\Tools\Binn\;C:\Program Files\Microsoft SQL Server\150\DTS\Binn\;C:\Users\23320\AppData\Local\Programs\Python\Python311;C:\Users\23320\AppData\Local\Programs\Python\Python311\Scripts;C:\Program Files\Git\cmd;C:\Program Files\nodejs\;C:\Program Files\Java\jdk-21\bin\;;C:\Program Files\HP\HP One Agent;C:\Program Files\MySQL\MySQL Shell 8.0\bin\;C:\Users\23320\AppData\Local\Microsoft\WindowsApps;C:\Users\23320\AppData\Local\Programs\Microsoft VS Code\bin;C:\Users\23320\AppData\Roaming\npm
USERNAME=23320
OS=Windows_NT
PROCESSOR_IDENTIFIER=AMD64 Family 23 Model 104 Stepping 1, AuthenticAMD
TMP=C:\Users\23320\AppData\Local\Temp
TEMP=C:\Users\23320\AppData\Local\Temp




Periodic native trim disabled

---------------  S Y S T E M  ---------------

OS:
 Windows 11 , 64 bit Build 22621 (10.0.22621.3235)
OS uptime: 5 days 4:04 hours

CPU: total 12 (initial active 12) (12 cores per cpu, 2 threads per core) family 23 model 104 stepping 1 microcode 0x0, cx8, cmov, fxsr, ht, mmx, 3dnowpref, sse, sse2, sse3, ssse3, sse4a, sse4.1, sse4.2, popcnt, lzcnt, tsc, tscinvbit, avx, avx2, aes, clmul, bmi1, bmi2, adx, sha, fma, vzeroupper, clflush, clflushopt, rdtscp, rdpid, f16c
Processor Information for all 12 processors :
  Max Mhz: 2100, Current Mhz: 2100, Mhz Limit: 2100

Memory: 4k page, system-wide physical 15693M (841M free)
TotalPageFile size 34395M (AvailPageFile size 100M)
current process WorkingSet (physical memory assigned to process): 11M, peak: 11M
current process commit charge ("private bytes"): 64M, peak: 310M

vm_info: Java HotSpot(TM) 64-Bit Server VM (21.0.2+13-LTS-58) for windows-amd64 JRE (21.0.2+13-LTS-58), built on 2024-01-05T18:32:24Z by "mach5one" with MS VC++ 17.1 (VS2022)

END.
